<?xml version="1.0" encoding="UTF-8"?>
<testsuite name="com.dem.kek.KekApplicationTests" tests="1" skipped="0" failures="0" errors="0" timestamp="2023-12-05T11:10:02" hostname="OKVIP" time="1.002">
  <properties/>
  <testcase name="contextLoads()" classname="com.dem.kek.KekApplicationTests" time="1.002"/>
  <system-out><![CDATA[19:10:00.009 [Test worker] INFO org.springframework.test.context.support.AnnotationConfigContextLoaderUtils -- Could not detect default configuration classes for test class [com.dem.kek.KekApplicationTests]: KekApplicationTests does not declare any static, non-private, non-final, nested classes annotated with @Configuration.
19:10:00.121 [Test worker] INFO org.springframework.boot.test.context.SpringBootTestContextBootstrapper -- Found @SpringBootConfiguration com.dem.kek.KekApplication for test class com.dem.kek.KekApplicationTests

  .   ____          _            __ _ _
 /\\ / ___'_ __ _ _(_)_ __  __ _ \ \ \ \
( ( )\___ | '_ | '_| | '_ \/ _` | \ \ \ \
 \\/  ___)| |_)| | | | | || (_| |  ) ) ) )
  '  |____| .__|_| |_|_| |_\__, | / / / /
 =========|_|==============|___/=/_/_/_/
 :: Spring Boot ::                (v3.2.0)

2023-12-05T19:10:00.521+08:00  INFO 31960 --- [    Test worker] com.dem.kek.KekApplicationTests          : Starting KekApplicationTests using Java 20.0.2.1 with PID 31960 (started by DIGITAL in C:\Users\DIGITAL\Documents\Codes\Spring\kek)
2023-12-05T19:10:00.524+08:00  INFO 31960 --- [    Test worker] com.dem.kek.KekApplicationTests          : No active profile set, falling back to 1 default profile: "default"
2023-12-05T19:10:01.001+08:00  INFO 31960 --- [    Test worker] .s.d.r.c.RepositoryConfigurationDelegate : Bootstrapping Spring Data MongoDB repositories in DEFAULT mode.
2023-12-05T19:10:01.040+08:00  INFO 31960 --- [    Test worker] .s.d.r.c.RepositoryConfigurationDelegate : Finished Spring Data repository scanning in 35 ms. Found 2 MongoDB repository interfaces.
2023-12-05T19:10:01.645+08:00  INFO 31960 --- [    Test worker] org.mongodb.driver.client                : MongoClient with metadata {"driver": {"name": "mongo-java-driver|sync|spring-boot", "version": "4.11.1"}, "os": {"type": "Windows", "name": "Windows 11", "architecture": "amd64", "version": "10.0"}, "platform": "Java/Amazon.com Inc./20.0.2.1+10-FR"} created with settings MongoClientSettings{readPreference=primary, writeConcern=WriteConcern{w=null, wTimeout=null ms, journal=null}, retryWrites=true, retryReads=true, readConcern=ReadConcern{level=null}, credential=MongoCredential{mechanism=null, userName='render', source='admin', password=<hidden>, mechanismProperties=<hidden>}, transportSettings=null, streamFactoryFactory=null, commandListeners=[], codecRegistry=ProvidersCodecRegistry{codecProviders=[ValueCodecProvider{}, BsonValueCodecProvider{}, DBRefCodecProvider{}, DBObjectCodecProvider{}, DocumentCodecProvider{}, CollectionCodecProvider{}, IterableCodecProvider{}, MapCodecProvider{}, GeoJsonCodecProvider{}, GridFSFileCodecProvider{}, Jsr310CodecProvider{}, JsonObjectCodecProvider{}, BsonCodecProvider{}, EnumCodecProvider{}, com.mongodb.client.model.mql.ExpressionCodecProvider@5d318e91, com.mongodb.Jep395RecordCodecProvider@298b64f7, com.mongodb.KotlinCodecProvider@740b6628]}, loggerSettings=LoggerSettings{maxDocumentLength=1000}, clusterSettings={hosts=[127.0.0.1:27017], srvHost=kek-cluster.h3agtth.mongodb.net, srvServiceName=mongodb, mode=MULTIPLE, requiredClusterType=REPLICA_SET, requiredReplicaSetName='atlas-83n7y7-shard-0', serverSelector='null', clusterListeners='[]', serverSelectionTimeout='30000 ms', localThreshold='15 ms'}, socketSettings=SocketSettings{connectTimeoutMS=10000, readTimeoutMS=0, receiveBufferSize=0, proxySettings=ProxySettings{host=null, port=null, username=null, password=null}}, heartbeatSocketSettings=SocketSettings{connectTimeoutMS=10000, readTimeoutMS=10000, receiveBufferSize=0, proxySettings=ProxySettings{host=null, port=null, username=null, password=null}}, connectionPoolSettings=ConnectionPoolSettings{maxSize=100, minSize=0, maxWaitTimeMS=120000, maxConnectionLifeTimeMS=0, maxConnectionIdleTimeMS=0, maintenanceInitialDelayMS=0, maintenanceFrequencyMS=60000, connectionPoolListeners=[], maxConnecting=2}, serverSettings=ServerSettings{heartbeatFrequencyMS=10000, minHeartbeatFrequencyMS=500, serverListeners='[]', serverMonitorListeners='[]'}, sslSettings=SslSettings{enabled=true, invalidHostNameAllowed=false, context=null}, applicationName='null', compressorList=[], uuidRepresentation=JAVA_LEGACY, serverApi=null, autoEncryptionSettings=null, dnsClient=null, inetAddressResolver=null, contextProvider=null}
2023-12-05T19:10:01.666+08:00  INFO 31960 --- [tth.mongodb.net] org.mongodb.driver.cluster               : Adding discovered server ac-pcpiboc-shard-00-00.h3agtth.mongodb.net:27017 to client view of cluster
2023-12-05T19:10:01.706+08:00  INFO 31960 --- [tth.mongodb.net] org.mongodb.driver.cluster               : Adding discovered server ac-pcpiboc-shard-00-01.h3agtth.mongodb.net:27017 to client view of cluster
2023-12-05T19:10:01.709+08:00  INFO 31960 --- [tth.mongodb.net] org.mongodb.driver.cluster               : Adding discovered server ac-pcpiboc-shard-00-02.h3agtth.mongodb.net:27017 to client view of cluster
2023-12-05T19:10:02.315+08:00  INFO 31960 --- [ngodb.net:27017] org.mongodb.driver.cluster               : Monitor thread successfully connected to server with description ServerDescription{address=ac-pcpiboc-shard-00-01.h3agtth.mongodb.net:27017, type=REPLICA_SET_SECONDARY, state=CONNECTED, ok=true, minWireVersion=0, maxWireVersion=17, maxDocumentSize=16777216, logicalSessionTimeoutMinutes=30, roundTripTimeNanos=410627800, setName='atlas-83n7y7-shard-0', canonicalAddress=ac-pcpiboc-shard-00-01.h3agtth.mongodb.net:27017, hosts=[ac-pcpiboc-shard-00-00.h3agtth.mongodb.net:27017, ac-pcpiboc-shard-00-01.h3agtth.mongodb.net:27017, ac-pcpiboc-shard-00-02.h3agtth.mongodb.net:27017], passives=[], arbiters=[], primary='ac-pcpiboc-shard-00-02.h3agtth.mongodb.net:27017', tagSet=TagSet{[Tag{name='availabilityZone', value='ape1-az2'}, Tag{name='nodeType', value='ELECTABLE'}, Tag{name='provider', value='AWS'}, Tag{name='region', value='AP_EAST_1'}, Tag{name='workloadType', value='OPERATIONAL'}]}, electionId=null, setVersion=1, topologyVersion=TopologyVersion{processId=656d459351a3e55fe92caf2e, counter=5}, lastWriteDate=Tue Dec 05 19:10:00 SGT 2023, lastUpdateTimeNanos=704851415011400}
2023-12-05T19:10:02.445+08:00  INFO 31960 --- [ngodb.net:27017] org.mongodb.driver.cluster               : Monitor thread successfully connected to server with description ServerDescription{address=ac-pcpiboc-shard-00-02.h3agtth.mongodb.net:27017, type=REPLICA_SET_PRIMARY, state=CONNECTED, ok=true, minWireVersion=0, maxWireVersion=17, maxDocumentSize=16777216, logicalSessionTimeoutMinutes=30, roundTripTimeNanos=543213000, setName='atlas-83n7y7-shard-0', canonicalAddress=ac-pcpiboc-shard-00-02.h3agtth.mongodb.net:27017, hosts=[ac-pcpiboc-shard-00-00.h3agtth.mongodb.net:27017, ac-pcpiboc-shard-00-01.h3agtth.mongodb.net:27017, ac-pcpiboc-shard-00-02.h3agtth.mongodb.net:27017], passives=[], arbiters=[], primary='ac-pcpiboc-shard-00-02.h3agtth.mongodb.net:27017', tagSet=TagSet{[Tag{name='availabilityZone', value='ape1-az3'}, Tag{name='nodeType', value='ELECTABLE'}, Tag{name='provider', value='AWS'}, Tag{name='region', value='AP_EAST_1'}, Tag{name='workloadType', value='OPERATIONAL'}]}, electionId=7fffffff0000000000000002, setVersion=1, topologyVersion=TopologyVersion{processId=656d459298d71dc06c3ba836, counter=7}, lastWriteDate=Tue Dec 05 19:10:00 SGT 2023, lastUpdateTimeNanos=704851548937000}
2023-12-05T19:10:02.447+08:00  INFO 31960 --- [ngodb.net:27017] org.mongodb.driver.cluster               : Discovered replica set primary ac-pcpiboc-shard-00-02.h3agtth.mongodb.net:27017 with max election id 7fffffff0000000000000002 and max set version 1
2023-12-05T19:10:02.632+08:00  INFO 31960 --- [ngodb.net:27017] org.mongodb.driver.cluster               : Monitor thread successfully connected to server with description ServerDescription{address=ac-pcpiboc-shard-00-00.h3agtth.mongodb.net:27017, type=REPLICA_SET_SECONDARY, state=CONNECTED, ok=true, minWireVersion=0, maxWireVersion=17, maxDocumentSize=16777216, logicalSessionTimeoutMinutes=30, roundTripTimeNanos=730977300, setName='atlas-83n7y7-shard-0', canonicalAddress=ac-pcpiboc-shard-00-00.h3agtth.mongodb.net:27017, hosts=[ac-pcpiboc-shard-00-00.h3agtth.mongodb.net:27017, ac-pcpiboc-shard-00-01.h3agtth.mongodb.net:27017, ac-pcpiboc-shard-00-02.h3agtth.mongodb.net:27017], passives=[], arbiters=[], primary='ac-pcpiboc-shard-00-02.h3agtth.mongodb.net:27017', tagSet=TagSet{[Tag{name='availabilityZone', value='ape1-az1'}, Tag{name='nodeType', value='ELECTABLE'}, Tag{name='provider', value='AWS'}, Tag{name='region', value='AP_EAST_1'}, Tag{name='workloadType', value='OPERATIONAL'}]}, electionId=null, setVersion=1, topologyVersion=TopologyVersion{processId=656d458a6cadb546086a0c8f, counter=8}, lastWriteDate=Tue Dec 05 19:10:00 SGT 2023, lastUpdateTimeNanos=704851735358800}
2023-12-05T19:10:02.799+08:00  INFO 31960 --- [    Test worker] com.dem.kek.KekApplicationTests          : Started KekApplicationTests in 2.502 seconds (process running for 3.837)
]]></system-out>
  <system-err><![CDATA[]]></system-err>
</testsuite>
